<?xml version="1.0" encoding="UTF-8"?>
<!-- Generated by org.testng.reporters.JUnitXMLReporter -->
<testsuite ignored="0" hostname="DESKTOP-EG5QUVK" failures="0" tests="3" name="Default test" time="73.798" errors="0" timestamp="2023-02-21T07:46:24 CST">
  <testcase classname="tests.TestNgExamTest" name="addCategoryTest" time="35.348"/>
  <testcase classname="tests.TestNgExamTest" name="noDuplicateCategoryTest" time="17.316"/>
  <testcase classname="tests.TestNgExamTest" name="verifyAllMonthsExistOnTheDropListTest" time="17.013"/>
</testsuite> <!-- Default test -->
