<?xml version="1.0" encoding="UTF-8"?>
<testng-results ignored="0" total="3" passed="3" failed="0" skipped="0">
  <reporter-output>
  </reporter-output>
  <suite started-at="2023-02-21T07:45:10 CST" name="Default suite" finished-at="2023-02-21T07:46:24 CST" duration-ms="73798">
    <groups>
    </groups>
    <test started-at="2023-02-21T07:45:10 CST" name="Default test" finished-at="2023-02-21T07:46:24 CST" duration-ms="73798">
      <class name="tests.TestNgExamTest">
        <test-method is-config="true" signature="beforetest()[pri:0, instance:tests.TestNgExamTest@747edf66]" started-at="2023-02-21T07:45:10 CST" name="beforetest" finished-at="2023-02-21T07:45:12 CST" duration-ms="1610" status="PASS">
          <reporter-output>
          </reporter-output>
        </test-method> <!-- beforetest -->
        <test-method signature="addCategoryTest()[pri:0, instance:tests.TestNgExamTest@747edf66]" started-at="2023-02-21T07:45:12 CST" name="addCategoryTest" finished-at="2023-02-21T07:45:47 CST" duration-ms="35348" status="PASS">
          <reporter-output>
          </reporter-output>
        </test-method> <!-- addCategoryTest -->
        <test-method is-config="true" signature="beforetest()[pri:0, instance:tests.TestNgExamTest@747edf66]" started-at="2023-02-21T07:45:47 CST" name="beforetest" finished-at="2023-02-21T07:45:48 CST" duration-ms="1278" status="PASS">
          <reporter-output>
          </reporter-output>
        </test-method> <!-- beforetest -->
        <test-method signature="noDuplicateCategoryTest()[pri:0, instance:tests.TestNgExamTest@747edf66]" started-at="2023-02-21T07:45:48 CST" name="noDuplicateCategoryTest" finished-at="2023-02-21T07:46:06 CST" duration-ms="17316" status="PASS">
          <reporter-output>
          </reporter-output>
        </test-method> <!-- noDuplicateCategoryTest -->
        <test-method is-config="true" signature="beforetest()[pri:0, instance:tests.TestNgExamTest@747edf66]" started-at="2023-02-21T07:46:06 CST" name="beforetest" finished-at="2023-02-21T07:46:07 CST" duration-ms="1209" status="PASS">
          <reporter-output>
          </reporter-output>
        </test-method> <!-- beforetest -->
        <test-method signature="verifyAllMonthsExistOnTheDropListTest()[pri:0, instance:tests.TestNgExamTest@747edf66]" started-at="2023-02-21T07:46:07 CST" name="verifyAllMonthsExistOnTheDropListTest" finished-at="2023-02-21T07:46:24 CST" duration-ms="17013" status="PASS">
          <reporter-output>
          </reporter-output>
        </test-method> <!-- verifyAllMonthsExistOnTheDropListTest -->
      </class> <!-- tests.TestNgExamTest -->
    </test> <!-- Default test -->
  </suite> <!-- Default suite -->
</testng-results>
